
=== Thu May 30 02:55:51 2024

Packages were changed.
Update Mode: mergeDefaultDependencies

The following packages were added:
  com.unity.collab-proxy@1.7.1
  com.unity.ide.visualstudio@2.0.9
  com.unity.modules.ai@1.0.0
  com.unity.modules.cloth@1.0.0
  com.unity.modules.director@1.0.0
  com.unity.modules.physics2d@1.0.0
  com.unity.modules.terrain@1.0.0
  com.unity.modules.terrainphysics@1.0.0
  com.unity.modules.tilemap@1.0.0
  com.unity.modules.vehicles@1.0.0
  com.unity.modules.vr@1.0.0
  com.unity.modules.wind@1.0.0
  com.unity.modules.xr@1.0.0
  com.unity.timeline@1.5.6
  com.unity.visualscripting@1.6.1
The following packages were updated:
  com.unity.ide.rider from version 1.1.4 to 3.0.7
  com.unity.mobile.android-logcat from version 1.2.0 to 1.2.2
  com.unity.mobile.notifications from version 1.0.3 to 1.4.1
  com.unity.test-framework from version 1.1.20 to 1.1.27
  com.unity.textmeshpro from version 2.1.3 to 3.0.6

=== Wed Mar  5 19:46:07 2025

Packages were changed.
Update Mode: updateDependencies

The following packages were added:
  com.unity.ai.navigation@2.0.6
  com.unity.modules.accessibility@1.0.0
  com.unity.multiplayer.center@1.0.0
The following packages were updated:
  com.unity.collab-proxy from version 1.7.1 to 2.7.1
  com.unity.ide.rider from version 3.0.7 to 3.0.31
  com.unity.ide.visualstudio from version 2.0.9 to 2.0.22
  com.unity.mobile.android-logcat from version 1.2.2 to 1.4.4
  com.unity.mobile.notifications from version 1.4.1 to 2.4.0
  com.unity.postprocessing from version 3.1.1 to 3.4.0
  com.unity.probuilder from version 5.0.7 to 6.0.4
  com.unity.shadergraph from version 11.0.0 to 17.0.4
  com.unity.test-framework from version 1.1.27 to 1.4.6
  com.unity.timeline from version 1.5.6 to 1.8.7
  com.unity.ugui from version 1.0.0 to 2.0.0
  com.unity.visualscripting from version 1.6.1 to 1.9.5
The following packages were removed:
  com.unity.textmeshpro@3.0.6
